#
# There is insufficient memory for the Java Runtime Environment to continue.
# Native memory allocation (malloc) failed to allocate 1172976 bytes. Error detail: Chunk::new
# Possible reasons:
#   The system is out of physical RAM or swap space
#   This process is running with CompressedOops enabled, and the Java Heap may be blocking the growth of the native heap
# Possible solutions:
#   Reduce memory load on the system
#   Increase physical memory or swap space
#   Check if swap backing store is full
#   Decrease Java heap size (-Xmx/-Xms)
#   Decrease number of Java threads
#   Decrease Java thread stack sizes (-Xss)
#   Set larger code cache with -XX:ReservedCodeCacheSize=
#   JVM is running with Unscaled Compressed Oops mode in which the Java heap is
#     placed in the first 4GB address space. The Java Heap base address is the
#     maximum limit for the native heap growth. Please use -XX:HeapBaseMinAddress
#     to set the Java Heap base and to place the Java Heap above 4GB virtual address.
# This output file may be truncated or incomplete.
#
#  Out of Memory Error (arena.cpp:168), pid=20648, tid=15108
#
# JRE version: OpenJDK Runtime Environment (21.0.4) (build 21.0.4+-12508038-b607.1)
# Java VM: OpenJDK 64-Bit Server VM (21.0.4+-12508038-b607.1, mixed mode, tiered, compressed oops, compressed class ptrs, g1 gc, windows-amd64)
# No core dump will be written. Minidumps are not enabled by default on client versions of Windows
#

---------------  S U M M A R Y ------------

Command Line: git4idea.http.GitAskPassApp Username for 'https://github.com': 

Host: 11th Gen Intel(R) Core(TM) i5-11260H @ 2.60GHz, 12 cores, 7G,  Windows 11 , 64 bit Build 22621 (10.0.22621.4974)
Time: Fri Mar  7 00:27:11 2025 India Standard Time elapsed time: 0.889698 seconds (0d 0h 0m 0s)

---------------  T H R E A D  ---------------

Current thread (0x000001deea0982e0):  JavaThread "C2 CompilerThread0" daemon [_thread_in_native, id=15108, stack(0x000000487c600000,0x000000487c700000) (1024K)]


Current CompileTask:
C2:    889 1032       4       sun.security.ec.ECOperations::setDouble (463 bytes)

Stack: [0x000000487c600000,0x000000487c700000]
Native frames: (J=compiled Java code, j=interpreted, Vv=VM code, C=native code)
V  [jvm.dll+0x6ce539]
V  [jvm.dll+0x85bf03]
V  [jvm.dll+0x85e45e]
V  [jvm.dll+0x85eb43]
V  [jvm.dll+0x27dd06]
V  [jvm.dll+0xbf9cd]
V  [jvm.dll+0xbff03]
V  [jvm.dll+0x3b4db1]
V  [jvm.dll+0x380f07]
V  [jvm.dll+0x38037a]
V  [jvm.dll+0x2473f2]
V  [jvm.dll+0x2469c1]
V  [jvm.dll+0x1c58a4]
V  [jvm.dll+0x255fec]
V  [jvm.dll+0x254536]
V  [jvm.dll+0x3efab6]
V  [jvm.dll+0x804418]
V  [jvm.dll+0x6cce0d]
C  [ucrtbase.dll+0x29333]
C  [KERNEL32.DLL+0x1259d]
C  [ntdll.dll+0x5af38]


---------------  P R O C E S S  ---------------

Threads class SMR info:
_java_thread_list=0x000001deea8ab2a0, length=14, elements={
0x000001decc2b46c0, 0x000001deea0665d0, 0x000001deea0672f0, 0x000001deea06c240,
0x000001deea095570, 0x000001deea06ab20, 0x000001deea096fc0, 0x000001deea0982e0,
0x000001deea098d80, 0x000001deea225e00, 0x000001deea239360, 0x000001deea8455e0,
0x000001deea8aab50, 0x000001deea8c8a50
}

Java Threads: ( => current thread )
  0x000001decc2b46c0 JavaThread "main"                              [_thread_blocked, id=17860, stack(0x000000487b800000,0x000000487b900000) (1024K)]
  0x000001deea0665d0 JavaThread "Reference Handler"          daemon [_thread_blocked, id=13016, stack(0x000000487c000000,0x000000487c100000) (1024K)]
  0x000001deea0672f0 JavaThread "Finalizer"                  daemon [_thread_blocked, id=23108, stack(0x000000487c100000,0x000000487c200000) (1024K)]
  0x000001deea06c240 JavaThread "Signal Dispatcher"          daemon [_thread_blocked, id=20268, stack(0x000000487c200000,0x000000487c300000) (1024K)]
  0x000001deea095570 JavaThread "Attach Listener"            daemon [_thread_blocked, id=15176, stack(0x000000487c300000,0x000000487c400000) (1024K)]
  0x000001deea06ab20 JavaThread "Service Thread"             daemon [_thread_blocked, id=4548, stack(0x000000487c400000,0x000000487c500000) (1024K)]
  0x000001deea096fc0 JavaThread "Monitor Deflation Thread"   daemon [_thread_blocked, id=21308, stack(0x000000487c500000,0x000000487c600000) (1024K)]
=>0x000001deea0982e0 JavaThread "C2 CompilerThread0"         daemon [_thread_in_native, id=15108, stack(0x000000487c600000,0x000000487c700000) (1024K)]
  0x000001deea098d80 JavaThread "C1 CompilerThread0"         daemon [_thread_blocked, id=1328, stack(0x000000487c700000,0x000000487c800000) (1024K)]
  0x000001deea225e00 JavaThread "Notification Thread"        daemon [_thread_blocked, id=11328, stack(0x000000487c800000,0x000000487c900000) (1024K)]
  0x000001deea239360 JavaThread "Common-Cleaner"             daemon [_thread_blocked, id=22992, stack(0x000000487c900000,0x000000487ca00000) (1024K)]
  0x000001deea8455e0 JavaThread "HttpClient-1-SelectorManager" daemon [_thread_in_native, id=21356, stack(0x000000487ca00000,0x000000487cb00000) (1024K)]
  0x000001deea8aab50 JavaThread "HttpClient-1-Worker-0"      daemon [_thread_blocked, id=21128, stack(0x000000487cc00000,0x000000487cd00000) (1024K)]
  0x000001deea8c8a50 JavaThread "HttpClient-1-Worker-1"      daemon [_thread_blocked, id=23144, stack(0x000000487cd00000,0x000000487ce00000) (1024K)]
Total: 14

Other Threads:
  0x000001decc29daf0 VMThread "VM Thread"                           [id=14800, stack(0x000000487bf00000,0x000000487c000000) (1024K)]
  0x000001dee5e14730 WatcherThread "VM Periodic Task Thread"        [id=18184, stack(0x000000487be00000,0x000000487bf00000) (1024K)]
  0x000001decc29d750 WorkerThread "GC Thread#0"                     [id=11296, stack(0x000000487b900000,0x000000487ba00000) (1024K)]
  0x000001dece521f00 ConcurrentGCThread "G1 Main Marker"            [id=22488, stack(0x000000487ba00000,0x000000487bb00000) (1024K)]
  0x000001decc29d3b0 WorkerThread "G1 Conc#0"                       [id=13224, stack(0x000000487bb00000,0x000000487bc00000) (1024K)]
  0x000001dee5ce81c0 ConcurrentGCThread "G1 Refine#0"               [id=21960, stack(0x000000487bc00000,0x000000487bd00000) (1024K)]
  0x000001dee5ce8b40 ConcurrentGCThread "G1 Service"                [id=20968, stack(0x000000487bd00000,0x000000487be00000) (1024K)]
Total: 7

Threads with active compile tasks:
C2 CompilerThread0      913 1032       4       sun.security.ec.ECOperations::setDouble (463 bytes)
Total: 1

VM state: not at safepoint (normal execution)

VM Mutex/Monitor currently owned by a thread: None

Heap address: 0x0000000084400000, size: 1980 MB, Compressed Oops mode: 32-bit

CDS archive(s) not mapped
Compressed class space mapped at: 0x0000000100000000-0x0000000140000000, reserved size: 1073741824
Narrow klass base: 0x0000000000000000, Narrow klass shift: 3, Narrow klass range: 0x140000000

GC Precious Log:
 CardTable entry size: 512
 Card Set container configuration: InlinePtr #cards 5 size 8 Array Of Cards #cards 12 size 40 Howl #buckets 4 coarsen threshold 1843 Howl Bitmap #cards 512 size 80 coarsen threshold 460 Card regions per heap region 1 cards per card region 2048
 CPUs: 12 total, 12 available
 Memory: 7914M
 Large Page Support: Disabled
 NUMA Support: Disabled
 Compressed Oops: Enabled (32-bit)
 Heap Region Size: 1M
 Heap Min Capacity: 8M
 Heap Initial Capacity: 124M
 Heap Max Capacity: 1980M
 Pre-touch: Disabled
 Parallel Workers: 10
 Concurrent Workers: 3
 Concurrent Refinement Workers: 10
 Periodic GC: Disabled

Heap:
 garbage-first heap   total 126976K, used 15360K [0x0000000084400000, 0x0000000100000000)
  region size 1024K, 16 young (16384K), 0 survivors (0K)
 Metaspace       used 17194K, committed 17472K, reserved 1114112K
  class space    used 1837K, committed 1984K, reserved 1048576K

Heap Regions: E=young(eden), S=young(survivor), O=old, HS=humongous(starts), HC=humongous(continues), CS=collection set, F=free, TAMS=top-at-mark-start, PB=parsable bottom
|   0|0x0000000084400000, 0x0000000084400000, 0x0000000084500000|  0%| F|  |TAMS 0x0000000084400000| PB 0x0000000084400000| Untracked 
|   1|0x0000000084500000, 0x0000000084500000, 0x0000000084600000|  0%| F|  |TAMS 0x0000000084500000| PB 0x0000000084500000| Untracked 
|   2|0x0000000084600000, 0x0000000084600000, 0x0000000084700000|  0%| F|  |TAMS 0x0000000084600000| PB 0x0000000084600000| Untracked 
|   3|0x0000000084700000, 0x0000000084700000, 0x0000000084800000|  0%| F|  |TAMS 0x0000000084700000| PB 0x0000000084700000| Untracked 
|   4|0x0000000084800000, 0x0000000084800000, 0x0000000084900000|  0%| F|  |TAMS 0x0000000084800000| PB 0x0000000084800000| Untracked 
|   5|0x0000000084900000, 0x0000000084900000, 0x0000000084a00000|  0%| F|  |TAMS 0x0000000084900000| PB 0x0000000084900000| Untracked 
|   6|0x0000000084a00000, 0x0000000084a00000, 0x0000000084b00000|  0%| F|  |TAMS 0x0000000084a00000| PB 0x0000000084a00000| Untracked 
|   7|0x0000000084b00000, 0x0000000084b00000, 0x0000000084c00000|  0%| F|  |TAMS 0x0000000084b00000| PB 0x0000000084b00000| Untracked 
|   8|0x0000000084c00000, 0x0000000084c00000, 0x0000000084d00000|  0%| F|  |TAMS 0x0000000084c00000| PB 0x0000000084c00000| Untracked 
|   9|0x0000000084d00000, 0x0000000084d00000, 0x0000000084e00000|  0%| F|  |TAMS 0x0000000084d00000| PB 0x0000000084d00000| Untracked 
|  10|0x0000000084e00000, 0x0000000084e00000, 0x0000000084f00000|  0%| F|  |TAMS 0x0000000084e00000| PB 0x0000000084e00000| Untracked 
|  11|0x0000000084f00000, 0x0000000084f00000, 0x0000000085000000|  0%| F|  |TAMS 0x0000000084f00000| PB 0x0000000084f00000| Untracked 
|  12|0x0000000085000000, 0x0000000085000000, 0x0000000085100000|  0%| F|  |TAMS 0x0000000085000000| PB 0x0000000085000000| Untracked 
|  13|0x0000000085100000, 0x0000000085100000, 0x0000000085200000|  0%| F|  |TAMS 0x0000000085100000| PB 0x0000000085100000| Untracked 
|  14|0x0000000085200000, 0x0000000085200000, 0x0000000085300000|  0%| F|  |TAMS 0x0000000085200000| PB 0x0000000085200000| Untracked 
|  15|0x0000000085300000, 0x0000000085300000, 0x0000000085400000|  0%| F|  |TAMS 0x0000000085300000| PB 0x0000000085300000| Untracked 
|  16|0x0000000085400000, 0x0000000085400000, 0x0000000085500000|  0%| F|  |TAMS 0x0000000085400000| PB 0x0000000085400000| Untracked 
|  17|0x0000000085500000, 0x0000000085500000, 0x0000000085600000|  0%| F|  |TAMS 0x0000000085500000| PB 0x0000000085500000| Untracked 
|  18|0x0000000085600000, 0x0000000085600000, 0x0000000085700000|  0%| F|  |TAMS 0x0000000085600000| PB 0x0000000085600000| Untracked 
|  19|0x0000000085700000, 0x0000000085700000, 0x0000000085800000|  0%| F|  |TAMS 0x0000000085700000| PB 0x0000000085700000| Untracked 
|  20|0x0000000085800000, 0x0000000085800000, 0x0000000085900000|  0%| F|  |TAMS 0x0000000085800000| PB 0x0000000085800000| Untracked 
|  21|0x0000000085900000, 0x0000000085900000, 0x0000000085a00000|  0%| F|  |TAMS 0x0000000085900000| PB 0x0000000085900000| Untracked 
|  22|0x0000000085a00000, 0x0000000085a00000, 0x0000000085b00000|  0%| F|  |TAMS 0x0000000085a00000| PB 0x0000000085a00000| Untracked 
|  23|0x0000000085b00000, 0x0000000085b00000, 0x0000000085c00000|  0%| F|  |TAMS 0x0000000085b00000| PB 0x0000000085b00000| Untracked 
|  24|0x0000000085c00000, 0x0000000085c00000, 0x0000000085d00000|  0%| F|  |TAMS 0x0000000085c00000| PB 0x0000000085c00000| Untracked 
|  25|0x0000000085d00000, 0x0000000085d00000, 0x0000000085e00000|  0%| F|  |TAMS 0x0000000085d00000| PB 0x0000000085d00000| Untracked 
|  26|0x0000000085e00000, 0x0000000085e00000, 0x0000000085f00000|  0%| F|  |TAMS 0x0000000085e00000| PB 0x0000000085e00000| Untracked 
|  27|0x0000000085f00000, 0x0000000085f00000, 0x0000000086000000|  0%| F|  |TAMS 0x0000000085f00000| PB 0x0000000085f00000| Untracked 
|  28|0x0000000086000000, 0x0000000086000000, 0x0000000086100000|  0%| F|  |TAMS 0x0000000086000000| PB 0x0000000086000000| Untracked 
|  29|0x0000000086100000, 0x0000000086100000, 0x0000000086200000|  0%| F|  |TAMS 0x0000000086100000| PB 0x0000000086100000| Untracked 
|  30|0x0000000086200000, 0x0000000086200000, 0x0000000086300000|  0%| F|  |TAMS 0x0000000086200000| PB 0x0000000086200000| Untracked 
|  31|0x0000000086300000, 0x0000000086300000, 0x0000000086400000|  0%| F|  |TAMS 0x0000000086300000| PB 0x0000000086300000| Untracked 
|  32|0x0000000086400000, 0x0000000086400000, 0x0000000086500000|  0%| F|  |TAMS 0x0000000086400000| PB 0x0000000086400000| Untracked 
|  33|0x0000000086500000, 0x0000000086500000, 0x0000000086600000|  0%| F|  |TAMS 0x0000000086500000| PB 0x0000000086500000| Untracked 
|  34|0x0000000086600000, 0x0000000086600000, 0x0000000086700000|  0%| F|  |TAMS 0x0000000086600000| PB 0x0000000086600000| Untracked 
|  35|0x0000000086700000, 0x0000000086700000, 0x0000000086800000|  0%| F|  |TAMS 0x0000000086700000| PB 0x0000000086700000| Untracked 
|  36|0x0000000086800000, 0x0000000086800000, 0x0000000086900000|  0%| F|  |TAMS 0x0000000086800000| PB 0x0000000086800000| Untracked 
|  37|0x0000000086900000, 0x0000000086900000, 0x0000000086a00000|  0%| F|  |TAMS 0x0000000086900000| PB 0x0000000086900000| Untracked 
|  38|0x0000000086a00000, 0x0000000086a00000, 0x0000000086b00000|  0%| F|  |TAMS 0x0000000086a00000| PB 0x0000000086a00000| Untracked 
|  39|0x0000000086b00000, 0x0000000086b00000, 0x0000000086c00000|  0%| F|  |TAMS 0x0000000086b00000| PB 0x0000000086b00000| Untracked 
|  40|0x0000000086c00000, 0x0000000086c00000, 0x0000000086d00000|  0%| F|  |TAMS 0x0000000086c00000| PB 0x0000000086c00000| Untracked 
|  41|0x0000000086d00000, 0x0000000086d00000, 0x0000000086e00000|  0%| F|  |TAMS 0x0000000086d00000| PB 0x0000000086d00000| Untracked 
|  42|0x0000000086e00000, 0x0000000086e00000, 0x0000000086f00000|  0%| F|  |TAMS 0x0000000086e00000| PB 0x0000000086e00000| Untracked 
|  43|0x0000000086f00000, 0x0000000086f00000, 0x0000000087000000|  0%| F|  |TAMS 0x0000000086f00000| PB 0x0000000086f00000| Untracked 
|  44|0x0000000087000000, 0x0000000087000000, 0x0000000087100000|  0%| F|  |TAMS 0x0000000087000000| PB 0x0000000087000000| Untracked 
|  45|0x0000000087100000, 0x0000000087100000, 0x0000000087200000|  0%| F|  |TAMS 0x0000000087100000| PB 0x0000000087100000| Untracked 
|  46|0x0000000087200000, 0x0000000087200000, 0x0000000087300000|  0%| F|  |TAMS 0x0000000087200000| PB 0x0000000087200000| Untracked 
|  47|0x0000000087300000, 0x0000000087300000, 0x0000000087400000|  0%| F|  |TAMS 0x0000000087300000| PB 0x0000000087300000| Untracked 
|  48|0x0000000087400000, 0x0000000087400000, 0x0000000087500000|  0%| F|  |TAMS 0x0000000087400000| PB 0x0000000087400000| Untracked 
|  49|0x0000000087500000, 0x0000000087500000, 0x0000000087600000|  0%| F|  |TAMS 0x0000000087500000| PB 0x0000000087500000| Untracked 
|  50|0x0000000087600000, 0x0000000087600000, 0x0000000087700000|  0%| F|  |TAMS 0x0000000087600000| PB 0x0000000087600000| Untracked 
|  51|0x0000000087700000, 0x0000000087700000, 0x0000000087800000|  0%| F|  |TAMS 0x0000000087700000| PB 0x0000000087700000| Untracked 
|  52|0x0000000087800000, 0x0000000087800000, 0x0000000087900000|  0%| F|  |TAMS 0x0000000087800000| PB 0x0000000087800000| Untracked 
|  53|0x0000000087900000, 0x0000000087900000, 0x0000000087a00000|  0%| F|  |TAMS 0x0000000087900000| PB 0x0000000087900000| Untracked 
|  54|0x0000000087a00000, 0x0000000087a00000, 0x0000000087b00000|  0%| F|  |TAMS 0x0000000087a00000| PB 0x0000000087a00000| Untracked 
|  55|0x0000000087b00000, 0x0000000087b00000, 0x0000000087c00000|  0%| F|  |TAMS 0x0000000087b00000| PB 0x0000000087b00000| Untracked 
|  56|0x0000000087c00000, 0x0000000087c00000, 0x0000000087d00000|  0%| F|  |TAMS 0x0000000087c00000| PB 0x0000000087c00000| Untracked 
|  57|0x0000000087d00000, 0x0000000087d00000, 0x0000000087e00000|  0%| F|  |TAMS 0x0000000087d00000| PB 0x0000000087d00000| Untracked 
|  58|0x0000000087e00000, 0x0000000087e00000, 0x0000000087f00000|  0%| F|  |TAMS 0x0000000087e00000| PB 0x0000000087e00000| Untracked 
|  59|0x0000000087f00000, 0x0000000087f00000, 0x0000000088000000|  0%| F|  |TAMS 0x0000000087f00000| PB 0x0000000087f00000| Untracked 
|  60|0x0000000088000000, 0x0000000088000000, 0x0000000088100000|  0%| F|  |TAMS 0x0000000088000000| PB 0x0000000088000000| Untracked 
|  61|0x0000000088100000, 0x0000000088100000, 0x0000000088200000|  0%| F|  |TAMS 0x0000000088100000| PB 0x0000000088100000| Untracked 
|  62|0x0000000088200000, 0x0000000088200000, 0x0000000088300000|  0%| F|  |TAMS 0x0000000088200000| PB 0x0000000088200000| Untracked 
|  63|0x0000000088300000, 0x0000000088300000, 0x0000000088400000|  0%| F|  |TAMS 0x0000000088300000| PB 0x0000000088300000| Untracked 
|  64|0x0000000088400000, 0x0000000088400000, 0x0000000088500000|  0%| F|  |TAMS 0x0000000088400000| PB 0x0000000088400000| Untracked 
|  65|0x0000000088500000, 0x0000000088500000, 0x0000000088600000|  0%| F|  |TAMS 0x0000000088500000| PB 0x0000000088500000| Untracked 
|  66|0x0000000088600000, 0x0000000088600000, 0x0000000088700000|  0%| F|  |TAMS 0x0000000088600000| PB 0x0000000088600000| Untracked 
|  67|0x0000000088700000, 0x0000000088700000, 0x0000000088800000|  0%| F|  |TAMS 0x0000000088700000| PB 0x0000000088700000| Untracked 
|  68|0x0000000088800000, 0x0000000088800000, 0x0000000088900000|  0%| F|  |TAMS 0x0000000088800000| PB 0x0000000088800000| Untracked 
|  69|0x0000000088900000, 0x0000000088900000, 0x0000000088a00000|  0%| F|  |TAMS 0x0000000088900000| PB 0x0000000088900000| Untracked 
|  70|0x0000000088a00000, 0x0000000088a00000, 0x0000000088b00000|  0%| F|  |TAMS 0x0000000088a00000| PB 0x0000000088a00000| Untracked 
|  71|0x0000000088b00000, 0x0000000088b00000, 0x0000000088c00000|  0%| F|  |TAMS 0x0000000088b00000| PB 0x0000000088b00000| Untracked 
|  72|0x0000000088c00000, 0x0000000088c00000, 0x0000000088d00000|  0%| F|  |TAMS 0x0000000088c00000| PB 0x0000000088c00000| Untracked 
|  73|0x0000000088d00000, 0x0000000088d00000, 0x0000000088e00000|  0%| F|  |TAMS 0x0000000088d00000| PB 0x0000000088d00000| Untracked 
|  74|0x0000000088e00000, 0x0000000088e00000, 0x0000000088f00000|  0%| F|  |TAMS 0x0000000088e00000| PB 0x0000000088e00000| Untracked 
|  75|0x0000000088f00000, 0x0000000088f00000, 0x0000000089000000|  0%| F|  |TAMS 0x0000000088f00000| PB 0x0000000088f00000| Untracked 
|  76|0x0000000089000000, 0x0000000089000000, 0x0000000089100000|  0%| F|  |TAMS 0x0000000089000000| PB 0x0000000089000000| Untracked 
|  77|0x0000000089100000, 0x0000000089100000, 0x0000000089200000|  0%| F|  |TAMS 0x0000000089100000| PB 0x0000000089100000| Untracked 
|  78|0x0000000089200000, 0x0000000089200000, 0x0000000089300000|  0%| F|  |TAMS 0x0000000089200000| PB 0x0000000089200000| Untracked 
|  79|0x0000000089300000, 0x0000000089300000, 0x0000000089400000|  0%| F|  |TAMS 0x0000000089300000| PB 0x0000000089300000| Untracked 
|  80|0x0000000089400000, 0x0000000089400000, 0x0000000089500000|  0%| F|  |TAMS 0x0000000089400000| PB 0x0000000089400000| Untracked 
|  81|0x0000000089500000, 0x0000000089500000, 0x0000000089600000|  0%| F|  |TAMS 0x0000000089500000| PB 0x0000000089500000| Untracked 
|  82|0x0000000089600000, 0x0000000089600000, 0x0000000089700000|  0%| F|  |TAMS 0x0000000089600000| PB 0x0000000089600000| Untracked 
|  83|0x0000000089700000, 0x0000000089700000, 0x0000000089800000|  0%| F|  |TAMS 0x0000000089700000| PB 0x0000000089700000| Untracked 
|  84|0x0000000089800000, 0x0000000089800000, 0x0000000089900000|  0%| F|  |TAMS 0x0000000089800000| PB 0x0000000089800000| Untracked 
|  85|0x0000000089900000, 0x0000000089900000, 0x0000000089a00000|  0%| F|  |TAMS 0x0000000089900000| PB 0x0000000089900000| Untracked 
|  86|0x0000000089a00000, 0x0000000089a00000, 0x0000000089b00000|  0%| F|  |TAMS 0x0000000089a00000| PB 0x0000000089a00000| Untracked 
|  87|0x0000000089b00000, 0x0000000089b00000, 0x0000000089c00000|  0%| F|  |TAMS 0x0000000089b00000| PB 0x0000000089b00000| Untracked 
|  88|0x0000000089c00000, 0x0000000089c00000, 0x0000000089d00000|  0%| F|  |TAMS 0x0000000089c00000| PB 0x0000000089c00000| Untracked 
|  89|0x0000000089d00000, 0x0000000089d00000, 0x0000000089e00000|  0%| F|  |TAMS 0x0000000089d00000| PB 0x0000000089d00000| Untracked 
|  90|0x0000000089e00000, 0x0000000089e00000, 0x0000000089f00000|  0%| F|  |TAMS 0x0000000089e00000| PB 0x0000000089e00000| Untracked 
|  91|0x0000000089f00000, 0x0000000089f00000, 0x000000008a000000|  0%| F|  |TAMS 0x0000000089f00000| PB 0x0000000089f00000| Untracked 
|  92|0x000000008a000000, 0x000000008a000000, 0x000000008a100000|  0%| F|  |TAMS 0x000000008a000000| PB 0x000000008a000000| Untracked 
|  93|0x000000008a100000, 0x000000008a100000, 0x000000008a200000|  0%| F|  |TAMS 0x000000008a100000| PB 0x000000008a100000| Untracked 
|  94|0x000000008a200000, 0x000000008a200000, 0x000000008a300000|  0%| F|  |TAMS 0x000000008a200000| PB 0x000000008a200000| Untracked 
|  95|0x000000008a300000, 0x000000008a300000, 0x000000008a400000|  0%| F|  |TAMS 0x000000008a300000| PB 0x000000008a300000| Untracked 
|  96|0x000000008a400000, 0x000000008a400000, 0x000000008a500000|  0%| F|  |TAMS 0x000000008a400000| PB 0x000000008a400000| Untracked 
|  97|0x000000008a500000, 0x000000008a500000, 0x000000008a600000|  0%| F|  |TAMS 0x000000008a500000| PB 0x000000008a500000| Untracked 
|  98|0x000000008a600000, 0x000000008a600000, 0x000000008a700000|  0%| F|  |TAMS 0x000000008a600000| PB 0x000000008a600000| Untracked 
|  99|0x000000008a700000, 0x000000008a700000, 0x000000008a800000|  0%| F|  |TAMS 0x000000008a700000| PB 0x000000008a700000| Untracked 
| 100|0x000000008a800000, 0x000000008a800000, 0x000000008a900000|  0%| F|  |TAMS 0x000000008a800000| PB 0x000000008a800000| Untracked 
| 101|0x000000008a900000, 0x000000008a900000, 0x000000008aa00000|  0%| F|  |TAMS 0x000000008a900000| PB 0x000000008a900000| Untracked 
| 102|0x000000008aa00000, 0x000000008aa00000, 0x000000008ab00000|  0%| F|  |TAMS 0x000000008aa00000| PB 0x000000008aa00000| Untracked 
| 103|0x000000008ab00000, 0x000000008ab00000, 0x000000008ac00000|  0%| F|  |TAMS 0x000000008ab00000| PB 0x000000008ab00000| Untracked 
| 104|0x000000008ac00000, 0x000000008ac00000, 0x000000008ad00000|  0%| F|  |TAMS 0x000000008ac00000| PB 0x000000008ac00000| Untracked 
| 105|0x000000008ad00000, 0x000000008ad00000, 0x000000008ae00000|  0%| F|  |TAMS 0x000000008ad00000| PB 0x000000008ad00000| Untracked 
| 106|0x000000008ae00000, 0x000000008ae00000, 0x000000008af00000|  0%| F|  |TAMS 0x000000008ae00000| PB 0x000000008ae00000| Untracked 
| 107|0x000000008af00000, 0x000000008af00000, 0x000000008b000000|  0%| F|  |TAMS 0x000000008af00000| PB 0x000000008af00000| Untracked 
| 108|0x000000008b000000, 0x000000008b076478, 0x000000008b100000| 46%| E|  |TAMS 0x000000008b000000| PB 0x000000008b000000| Complete 
| 109|0x000000008b100000, 0x000000008b200000, 0x000000008b200000|100%| E|CS|TAMS 0x000000008b100000| PB 0x000000008b100000| Complete 
| 110|0x000000008b200000, 0x000000008b300000, 0x000000008b300000|100%| E|CS|TAMS 0x000000008b200000| PB 0x000000008b200000| Complete 
| 111|0x000000008b300000, 0x000000008b400000, 0x000000008b400000|100%| E|CS|TAMS 0x000000008b300000| PB 0x000000008b300000| Complete 
| 112|0x000000008b400000, 0x000000008b500000, 0x000000008b500000|100%| E|CS|TAMS 0x000000008b400000| PB 0x000000008b400000| Complete 
| 113|0x000000008b500000, 0x000000008b600000, 0x000000008b600000|100%| E|CS|TAMS 0x000000008b500000| PB 0x000000008b500000| Complete 
| 114|0x000000008b600000, 0x000000008b700000, 0x000000008b700000|100%| E|CS|TAMS 0x000000008b600000| PB 0x000000008b600000| Complete 
| 115|0x000000008b700000, 0x000000008b800000, 0x000000008b800000|100%| E|CS|TAMS 0x000000008b700000| PB 0x000000008b700000| Complete 
| 116|0x000000008b800000, 0x000000008b900000, 0x000000008b900000|100%| E|CS|TAMS 0x000000008b800000| PB 0x000000008b800000| Complete 
| 117|0x000000008b900000, 0x000000008ba00000, 0x000000008ba00000|100%| E|CS|TAMS 0x000000008b900000| PB 0x000000008b900000| Complete 
| 118|0x000000008ba00000, 0x000000008bb00000, 0x000000008bb00000|100%| E|CS|TAMS 0x000000008ba00000| PB 0x000000008ba00000| Complete 
| 119|0x000000008bb00000, 0x000000008bc00000, 0x000000008bc00000|100%| E|CS|TAMS 0x000000008bb00000| PB 0x000000008bb00000| Complete 
| 120|0x000000008bc00000, 0x000000008bd00000, 0x000000008bd00000|100%| E|CS|TAMS 0x000000008bc00000| PB 0x000000008bc00000| Complete 
| 121|0x000000008bd00000, 0x000000008be00000, 0x000000008be00000|100%| E|CS|TAMS 0x000000008bd00000| PB 0x000000008bd00000| Complete 
| 122|0x000000008be00000, 0x000000008bf00000, 0x000000008bf00000|100%| E|CS|TAMS 0x000000008be00000| PB 0x000000008be00000| Complete 
| 123|0x000000008bf00000, 0x000000008c000000, 0x000000008c000000|100%| E|CS|TAMS 0x000000008bf00000| PB 0x000000008bf00000| Complete 

Card table byte_map: [0x000001dee0f30000,0x000001dee1310000] _byte_map_base: 0x000001dee0b0e000

Marking Bits: (CMBitMap*) 0x000001dece511d30
 Bits: [0x000001dee1310000, 0x000001dee3200000)

Polling page: 0x000001decc490000

Metaspace:

Usage:
  Non-class:     15.00 MB used.
      Class:      1.79 MB used.
       Both:     16.79 MB used.

Virtual space:
  Non-class space:       64.00 MB reserved,      15.12 MB ( 24%) committed,  1 nodes.
      Class space:        1.00 GB reserved,       1.94 MB ( <1%) committed,  1 nodes.
             Both:        1.06 GB reserved,      17.06 MB (  2%) committed. 

Chunk freelists:
   Non-Class:  652.00 KB
       Class:  14.10 MB
        Both:  14.74 MB

MaxMetaspaceSize: unlimited
CompressedClassSpaceSize: 1.00 GB
Initial GC threshold: 21.00 MB
Current GC threshold: 21.00 MB
CDS: off
 - commit_granule_bytes: 65536.
 - commit_granule_words: 8192.
 - virtual_space_node_default_size: 8388608.
 - enlarge_chunks_in_place: 1.
 - use_allocation_guard: 0.


Internal statistics:

num_allocs_failed_limit: 0.
num_arena_births: 266.
num_arena_deaths: 0.
num_vsnodes_births: 2.
num_vsnodes_deaths: 0.
num_space_committed: 273.
num_space_uncommitted: 0.
num_chunks_returned_to_freelist: 0.
num_chunks_taken_from_freelist: 467.
num_chunk_merges: 0.
num_chunk_splits: 260.
num_chunks_enlarged: 126.
num_inconsistent_stats: 0.

CodeHeap 'non-profiled nmethods': size=120000Kb used=368Kb max_used=368Kb free=119631Kb
 bounds [0x000001ded90d0000, 0x000001ded9340000, 0x000001dee0600000]
CodeHeap 'profiled nmethods': size=120000Kb used=1905Kb max_used=1905Kb free=118094Kb
 bounds [0x000001ded1600000, 0x000001ded1870000, 0x000001ded8b30000]
CodeHeap 'non-nmethods': size=5760Kb used=1554Kb max_used=1566Kb free=4205Kb
 bounds [0x000001ded8b30000, 0x000001ded8da0000, 0x000001ded90d0000]
 total_blobs=1671 nmethods=1154 adapters=422
 compilation: enabled
              stopped_count=0, restarted_count=0
 full_count=0

Compilation events (20 events):
Event: 0.880 Thread 0x000001deea098d80 nmethod 1130 0x000001ded17cce90 code [0x000001ded17cd060, 0x000001ded17cd4a0]
Event: 0.881 Thread 0x000001deea098d80 1134       3       java.lang.invoke.Invokers$Holder::linkToTargetMethod (9 bytes)
Event: 0.881 Thread 0x000001deea098d80 nmethod 1134 0x000001ded17cd710 code [0x000001ded17cd8c0, 0x000001ded17cdb58]
Event: 0.881 Thread 0x000001deea098d80 1135   !   3       java.lang.invoke.LambdaForm::compileToBytecode (164 bytes)
Event: 0.882 Thread 0x000001deea098d80 nmethod 1135 0x000001ded17cdc10 code [0x000001ded17cde80, 0x000001ded17ce7e8]
Event: 0.882 Thread 0x000001deea098d80 1136       3       jdk.internal.org.objectweb.asm.ClassWriter::toByteArray (1517 bytes)
Event: 0.886 Thread 0x000001deea098d80 nmethod 1136 0x000001ded17ceb10 code [0x000001ded17cf480, 0x000001ded17d3190]
Event: 0.886 Thread 0x000001deea098d80 1139       3       jdk.internal.org.objectweb.asm.Frame::accept (264 bytes)
Event: 0.886 Thread 0x000001deea098d80 nmethod 1139 0x000001ded17d5190 code [0x000001ded17d53c0, 0x000001ded17d5cb0]
Event: 0.886 Thread 0x000001deea098d80 1137       3       java.lang.invoke.LambdaForm$Name::<init> (19 bytes)
Event: 0.887 Thread 0x000001deea098d80 nmethod 1137 0x000001ded17d6090 code [0x000001ded17d62c0, 0x000001ded17d6958]
Event: 0.887 Thread 0x000001deea098d80 1143       3       jdk.internal.org.objectweb.asm.MethodWriter::visitAnnotation (40 bytes)
Event: 0.887 Thread 0x000001deea098d80 nmethod 1143 0x000001ded17d6c90 code [0x000001ded17d6e60, 0x000001ded17d7108]
Event: 0.887 Thread 0x000001deea098d80 1144       3       jdk.internal.org.objectweb.asm.AnnotationWriter::create (34 bytes)
Event: 0.887 Thread 0x000001deea098d80 nmethod 1144 0x000001ded17d7210 code [0x000001ded17d7400, 0x000001ded17d78a8]
Event: 0.887 Thread 0x000001deea098d80 1142       1       java.lang.invoke.InvokerBytecodeGenerator::setClassWriter (6 bytes)
Event: 0.887 Thread 0x000001deea098d80 nmethod 1142 0x000001ded912b810 code [0x000001ded912b9a0, 0x000001ded912bab0]
Event: 0.887 Thread 0x000001deea098d80 1145       1       java.lang.Class::getClassData (5 bytes)
Event: 0.887 Thread 0x000001deea098d80 nmethod 1145 0x000001ded912bb10 code [0x000001ded912bca0, 0x000001ded912bd68]
Event: 0.887 Thread 0x000001deea098d80 1147       3       java.lang.invoke.DirectMethodHandle$Holder::newInvokeSpecial (21 bytes)

GC Heap History (0 events):
No events

Dll operation events (2 events):
Event: 0.011 Loaded shared library C:\Program Files\Android\Android Studio\jbr\bin\java.dll
Event: 0.019 Loaded shared library C:\Program Files\Android\Android Studio\jbr\bin\zip.dll

Deoptimization events (20 events):
Event: 0.744 Thread 0x000001deea8aab50 Uncommon trap: trap_request=0xffffff66 fr.pc=0x000001ded9124240 relative=0x0000000000000260
Event: 0.744 Thread 0x000001deea8aab50 Uncommon trap: reason=speculate_class_check action=maybe_recompile pc=0x000001ded9124240 method=sun.security.util.math.intpoly.IntegerPolynomial.multByInt([JJ)V @ 26 c2
Event: 0.744 Thread 0x000001deea8aab50 DEOPT PACKING pc=0x000001ded9124240 sp=0x000000487ccfe320
Event: 0.744 Thread 0x000001deea8aab50 DEOPT UNPACKING pc=0x000001ded8b87da2 sp=0x000000487ccfe260 mode 2
Event: 0.744 Thread 0x000001deea8aab50 Uncommon trap: trap_request=0xffffffde fr.pc=0x000001ded911de64 relative=0x00000000000001c4
Event: 0.744 Thread 0x000001deea8aab50 Uncommon trap: reason=class_check action=maybe_recompile pc=0x000001ded911de64 method=sun.security.util.math.intpoly.IntegerPolynomial.multByInt([JJ)V @ 26 c2
Event: 0.744 Thread 0x000001deea8aab50 DEOPT PACKING pc=0x000001ded911de64 sp=0x000000487ccfe290
Event: 0.744 Thread 0x000001deea8aab50 DEOPT UNPACKING pc=0x000001ded8b87da2 sp=0x000000487ccfe260 mode 2
Event: 0.744 Thread 0x000001deea8aab50 Uncommon trap: trap_request=0xffffffde fr.pc=0x000001ded911de64 relative=0x00000000000001c4
Event: 0.744 Thread 0x000001deea8aab50 Uncommon trap: reason=class_check action=maybe_recompile pc=0x000001ded911de64 method=sun.security.util.math.intpoly.IntegerPolynomial.multByInt([JJ)V @ 26 c2
Event: 0.744 Thread 0x000001deea8aab50 DEOPT PACKING pc=0x000001ded911de64 sp=0x000000487ccfe290
Event: 0.744 Thread 0x000001deea8aab50 DEOPT UNPACKING pc=0x000001ded8b87da2 sp=0x000000487ccfe260 mode 2
Event: 0.744 Thread 0x000001deea8aab50 Uncommon trap: trap_request=0xffffffde fr.pc=0x000001ded911de64 relative=0x00000000000001c4
Event: 0.744 Thread 0x000001deea8aab50 Uncommon trap: reason=class_check action=maybe_recompile pc=0x000001ded911de64 method=sun.security.util.math.intpoly.IntegerPolynomial.multByInt([JJ)V @ 26 c2
Event: 0.744 Thread 0x000001deea8aab50 DEOPT PACKING pc=0x000001ded911de64 sp=0x000000487ccfe290
Event: 0.744 Thread 0x000001deea8aab50 DEOPT UNPACKING pc=0x000001ded8b87da2 sp=0x000000487ccfe260 mode 2
Event: 0.744 Thread 0x000001deea8aab50 Uncommon trap: trap_request=0xffffffde fr.pc=0x000001ded911de64 relative=0x00000000000001c4
Event: 0.744 Thread 0x000001deea8aab50 Uncommon trap: reason=class_check action=maybe_recompile pc=0x000001ded911de64 method=sun.security.util.math.intpoly.IntegerPolynomial.multByInt([JJ)V @ 26 c2
Event: 0.744 Thread 0x000001deea8aab50 DEOPT PACKING pc=0x000001ded911de64 sp=0x000000487ccfe290
Event: 0.744 Thread 0x000001deea8aab50 DEOPT UNPACKING pc=0x000001ded8b87da2 sp=0x000000487ccfe260 mode 2

Classes loaded (20 events):
Event: 0.875 Loading class java/util/stream/LongStream done
Event: 0.876 Loading class java/util/stream/LongPipeline done
Event: 0.876 Loading class java/util/stream/LongPipeline$StatelessOp done
Event: 0.876 Loading class java/util/stream/ReferencePipeline$5 done
Event: 0.876 Loading class java/util/stream/FindOps$FindSink$OfLong
Event: 0.876 Loading class java/util/stream/Sink$OfLong
Event: 0.876 Loading class java/util/function/LongConsumer
Event: 0.876 Loading class java/util/function/LongConsumer done
Event: 0.876 Loading class java/util/stream/Sink$OfLong done
Event: 0.876 Loading class java/util/stream/FindOps$FindSink$OfLong done
Event: 0.876 Loading class java/util/OptionalLong
Event: 0.876 Loading class java/util/OptionalLong done
Event: 0.877 Loading class java/util/stream/ReferencePipeline$5$1
Event: 0.877 Loading class java/util/stream/ReferencePipeline$5$1 done
Event: 0.877 Loading class java/lang/IllegalAccessException
Event: 0.877 Loading class java/lang/IllegalAccessException done
Event: 0.878 Loading class java/lang/invoke/VarHandleBytes$FieldInstanceReadWrite
Event: 0.878 Loading class java/lang/invoke/VarHandleBytes$FieldInstanceReadOnly
Event: 0.878 Loading class java/lang/invoke/VarHandleBytes$FieldInstanceReadOnly done
Event: 0.878 Loading class java/lang/invoke/VarHandleBytes$FieldInstanceReadWrite done

Classes unloaded (0 events):
No events

Classes redefined (0 events):
No events

Internal exceptions (20 events):
Event: 0.407 Thread 0x000001decc2b46c0 Exception <a 'java/lang/NoSuchMethodError'{0x000000008b92f068}: 'int java.lang.invoke.DirectMethodHandle$Holder.invokeStaticInit(java.lang.Object, float, float)'> (0x000000008b92f068) 
thrown [s\src\hotspot\share\interpreter\linkResolver.cpp, line 784]
Event: 0.408 Thread 0x000001decc2b46c0 Exception <a 'java/lang/NoSuchMethodError'{0x000000008b935af8}: 'int java.lang.invoke.DirectMethodHandle$Holder.invokeStaticInit(java.lang.Object, double, double)'> (0x000000008b935af8) 
thrown [s\src\hotspot\share\interpreter\linkResolver.cpp, line 784]
Event: 0.408 Thread 0x000001decc2b46c0 Exception <a 'java/lang/NoSuchMethodError'{0x000000008b93a180}: 'int java.lang.invoke.DirectMethodHandle$Holder.invokeStatic(java.lang.Object, long)'> (0x000000008b93a180) 
thrown [s\src\hotspot\share\interpreter\linkResolver.cpp, line 784]
Event: 0.412 Thread 0x000001decc2b46c0 Exception <a 'java/lang/NoSuchMethodError'{0x000000008b966f60}: 'java.lang.Object java.lang.invoke.DelegatingMethodHandle$Holder.delegate(java.lang.Object, int, java.lang.Object, java.lang.Object)'> (0x000000008b966f60) 
thrown [s\src\hotspot\share\interpreter\linkResolver.cpp, line 784]
Event: 0.414 Thread 0x000001decc2b46c0 Exception <a 'java/lang/NoSuchMethodError'{0x000000008b9764c8}: 'int java.lang.invoke.Invokers$Holder.linkToTargetMethod(java.lang.Object, java.lang.Object, java.lang.Object)'> (0x000000008b9764c8) 
thrown [s\src\hotspot\share\interpreter\linkResolver.cpp, line 784]
Event: 0.417 Thread 0x000001decc2b46c0 Exception <a 'java/lang/NoSuchMethodError'{0x000000008b9a58c8}: 'long java.lang.invoke.DirectMethodHandle$Holder.invokeSpecial(java.lang.Object, java.lang.Object)'> (0x000000008b9a58c8) 
thrown [s\src\hotspot\share\interpreter\linkResolver.cpp, line 784]
Event: 0.418 Thread 0x000001decc2b46c0 Exception <a 'java/lang/NoSuchMethodError'{0x000000008b9ac198}: 'int java.lang.invoke.DirectMethodHandle$Holder.invokeStatic(java.lang.Object, java.lang.Object, java.lang.Object, java.lang.Object)'> (0x000000008b9ac198) 
thrown [s\src\hotspot\share\interpreter\linkResolver.cpp, line 784]
Event: 0.419 Thread 0x000001decc2b46c0 Exception <a 'java/lang/NoSuchMethodError'{0x000000008b9af5b8}: 'java.lang.Object java.lang.invoke.Invokers$Holder.invokeExact_MT(java.lang.Object, java.lang.Object, java.lang.Object, java.lang.Object, java.lang.Object, java.lang.Object)'> (0x000000008b9af5b8) 
thrown [s\src\hotspot\share\interpreter\linkResolver.cpp, line 784]
Event: 0.491 Thread 0x000001decc2b46c0 Exception <a 'java/lang/NoSuchMethodError'{0x000000008b79c4f0}: 'java.lang.Object java.lang.invoke.DirectMethodHandle$Holder.newInvokeSpecial(java.lang.Object, java.lang.Object, java.lang.Object, java.lang.Object, java.lang.Object)'> (0x000000008b79c4f0) 
thrown [s\src\hotspot\share\interpreter\linkResolver.cpp, line 784]
Event: 0.518 Thread 0x000001decc2b46c0 Exception <a 'java/lang/NoSuchMethodError'{0x000000008b6f1998}: 'java.lang.Object java.lang.invoke.DirectMethodHandle$Holder.invokeSpecial(java.lang.Object, java.lang.Object, java.lang.Object, java.lang.Object, int)'> (0x000000008b6f1998) 
thrown [s\src\hotspot\share\interpreter\linkResolver.cpp, line 784]
Event: 0.518 Thread 0x000001decc2b46c0 Exception <a 'java/lang/NoSuchMethodError'{0x000000008b6f5300}: 'java.lang.Object java.lang.invoke.Invokers$Holder.linkToTargetMethod(java.lang.Object, java.lang.Object, int, java.lang.Object)'> (0x000000008b6f5300) 
thrown [s\src\hotspot\share\interpreter\linkResolver.cpp, line 784]
Event: 0.524 Thread 0x000001decc2b46c0 Exception <a 'java/lang/NoSuchMethodError'{0x000000008b520860}: 'void java.lang.invoke.DirectMethodHandle$Holder.invokeSpecial(java.lang.Object, java.lang.Object, java.lang.Object)'> (0x000000008b520860) 
thrown [s\src\hotspot\share\interpreter\linkResolver.cpp, line 784]
Event: 0.538 Thread 0x000001decc2b46c0 Exception <a 'java/lang/NoSuchMethodError'{0x000000008b598770}: 'void java.lang.invoke.DirectMethodHandle$Holder.invokeSpecial(java.lang.Object, java.lang.Object, java.lang.Object, java.lang.Object, java.lang.Object)'> (0x000000008b598770) 
thrown [s\src\hotspot\share\interpreter\linkResolver.cpp, line 784]
Event: 0.540 Thread 0x000001deea8455e0 Exception <a 'java/lang/NoSuchMethodError'{0x000000008b71e708}: 'void java.lang.invoke.DirectMethodHandle$Holder.invokeStatic(java.lang.Object, java.lang.Object, int)'> (0x000000008b71e708) 
thrown [s\src\hotspot\share\interpreter\linkResolver.cpp, line 784]
Event: 0.612 Thread 0x000001deea8455e0 Exception <a 'java/lang/NoSuchMethodError'{0x000000008b755b10}: 'void java.lang.invoke.DirectMethodHandle$Holder.invokeStatic(java.lang.Object, java.lang.Object)'> (0x000000008b755b10) 
thrown [s\src\hotspot\share\interpreter\linkResolver.cpp, line 784]
Event: 0.613 Thread 0x000001deea8aab50 Exception <a 'java/lang/NoSuchMethodError'{0x000000008b40e488}: 'void java.lang.invoke.DirectMethodHandle$Holder.invokeInterface(java.lang.Object, java.lang.Object, java.lang.Object)'> (0x000000008b40e488) 
thrown [s\src\hotspot\share\interpreter\linkResolver.cpp, line 784]
Event: 0.618 Thread 0x000001deea8aab50 Exception <a 'java/lang/NoSuchMethodError'{0x000000008b457be8}: 'void java.lang.invoke.DirectMethodHandle$Holder.invokeVirtual(java.lang.Object, java.lang.Object)'> (0x000000008b457be8) 
thrown [s\src\hotspot\share\interpreter\linkResolver.cpp, line 784]
Event: 0.736 Thread 0x000001deea8aab50 Exception <a 'java/lang/NoSuchMethodError'{0x000000008b3ee7b0}: 'void java.lang.invoke.DirectMethodHandle$Holder.invokeInterface(java.lang.Object, java.lang.Object)'> (0x000000008b3ee7b0) 
thrown [s\src\hotspot\share\interpreter\linkResolver.cpp, line 784]
Event: 0.785 Thread 0x000001deea8aab50 Exception <a 'java/lang/NoSuchMethodError'{0x000000008b261280}: 'void java.lang.invoke.DirectMethodHandle$Holder.invokeStatic(java.lang.Object, java.lang.Object, java.lang.Object, java.lang.Object)'> (0x000000008b261280) 
thrown [s\src\hotspot\share\interpreter\linkResolver.cpp, line 784]
Event: 0.885 Thread 0x000001deea8aab50 Exception <a 'java/lang/NoSuchMethodError'{0x000000008b1f7970}: 'void java.lang.invoke.DirectMethodHandle$Holder.invokeSpecial(java.lang.Object, java.lang.Object, java.lang.Object, java.lang.Object, java.lang.Object, java.lang.Object, java.lang.Object)'> (0x000000008b1f7970) 
thrown [s\src\hotspot\share\interpreter\linkResolver.cpp, line 784]

ZGC Phase Switch (0 events):
No events

VM Operations (8 events):
Event: 0.110 Executing VM operation: HandshakeAllThreads (Deoptimize)
Event: 0.110 Executing VM operation: HandshakeAllThreads (Deoptimize) done
Event: 0.119 Executing VM operation: HandshakeAllThreads (Deoptimize)
Event: 0.119 Executing VM operation: HandshakeAllThreads (Deoptimize) done
Event: 0.279 Executing VM operation: HandshakeAllThreads (Deoptimize)
Event: 0.279 Executing VM operation: HandshakeAllThreads (Deoptimize) done
Event: 0.871 Executing VM operation: HandshakeAllThreads (Deoptimize)
Event: 0.871 Executing VM operation: HandshakeAllThreads (Deoptimize) done

Memory protections (0 events):
No events

Nmethod flushes (0 events):
No events

Events (19 events):
Event: 0.018 Thread 0x000001decc2b46c0 Thread added: 0x000001decc2b46c0
Event: 0.059 Thread 0x000001decc2b46c0 Thread added: 0x000001deea0665d0
Event: 0.059 Thread 0x000001decc2b46c0 Thread added: 0x000001deea0672f0
Event: 0.060 Thread 0x000001decc2b46c0 Thread added: 0x000001deea06c240
Event: 0.060 Thread 0x000001decc2b46c0 Thread added: 0x000001deea095570
Event: 0.060 Thread 0x000001decc2b46c0 Thread added: 0x000001deea06ab20
Event: 0.060 Thread 0x000001decc2b46c0 Thread added: 0x000001deea096fc0
Event: 0.061 Thread 0x000001decc2b46c0 Thread added: 0x000001deea0982e0
Event: 0.061 Thread 0x000001decc2b46c0 Thread added: 0x000001deea098d80
Event: 0.088 Thread 0x000001decc2b46c0 Thread added: 0x000001deea225e00
Event: 0.093 Thread 0x000001decc2b46c0 Thread added: 0x000001deea239360
Event: 0.099 Loaded shared library C:\Program Files\Android\Android Studio\jbr\bin\net.dll
Event: 0.100 Loaded shared library C:\Program Files\Android\Android Studio\jbr\bin\nio.dll
Event: 0.106 Loaded shared library C:\Program Files\Android\Android Studio\jbr\bin\zip.dll
Event: 0.161 Loaded shared library C:\Program Files\Android\Android Studio\jbr\bin\jimage.dll
Event: 0.482 Loaded shared library C:\Program Files\Android\Android Studio\jbr\bin\extnet.dll
Event: 0.486 Thread 0x000001decc2b46c0 Thread added: 0x000001deea8455e0
Event: 0.611 Thread 0x000001deea8455e0 Thread added: 0x000001deea8aab50
Event: 0.624 Thread 0x000001deea8455e0 Thread added: 0x000001deea8c8a50


Dynamic libraries:
0x00007ff6b1b60000 - 0x00007ff6b1b6a000 	C:\Program Files\Android\Android Studio\jbr\bin\java.exe
0x00007ffd98af0000 - 0x00007ffd98d07000 	C:\Windows\SYSTEM32\ntdll.dll
0x00007ffd96cf0000 - 0x00007ffd96db4000 	C:\Windows\System32\KERNEL32.DLL
0x00007ffd95f20000 - 0x00007ffd962f1000 	C:\Windows\System32\KERNELBASE.dll
0x00007ffd95c30000 - 0x00007ffd95d41000 	C:\Windows\System32\ucrtbase.dll
0x00007ffd8ab90000 - 0x00007ffd8aba8000 	C:\Program Files\Android\Android Studio\jbr\bin\jli.dll
0x00007ffd86ec0000 - 0x00007ffd86edb000 	C:\Program Files\Android\Android Studio\jbr\bin\VCRUNTIME140.dll
0x00007ffd97d40000 - 0x00007ffd97ef1000 	C:\Windows\System32\USER32.dll
0x00007ffd965b0000 - 0x00007ffd965d6000 	C:\Windows\System32\win32u.dll
0x00007ffd97b60000 - 0x00007ffd97b89000 	C:\Windows\System32\GDI32.dll
0x00007ffd966a0000 - 0x00007ffd967bb000 	C:\Windows\System32\gdi32full.dll
0x00007ffd95d50000 - 0x00007ffd95dea000 	C:\Windows\System32\msvcp_win.dll
0x00007ffd77d50000 - 0x00007ffd77fe2000 	C:\Windows\WinSxS\amd64_microsoft.windows.common-controls_6595b64144ccf1df_6.0.22621.4830_none_270fe7d773858e80\COMCTL32.dll
0x00007ffd97f00000 - 0x00007ffd97fa7000 	C:\Windows\System32\msvcrt.dll
0x00007ffd97ac0000 - 0x00007ffd97af1000 	C:\Windows\System32\IMM32.DLL
0x00007ffd90680000 - 0x00007ffd9068c000 	C:\Program Files\Android\Android Studio\jbr\bin\vcruntime140_1.dll
0x00007ffd7ca70000 - 0x00007ffd7cafd000 	C:\Program Files\Android\Android Studio\jbr\bin\msvcp140.dll
0x00007ffd1a700000 - 0x00007ffd1b383000 	C:\Program Files\Android\Android Studio\jbr\bin\server\jvm.dll
0x00007ffd979f0000 - 0x00007ffd97aa1000 	C:\Windows\System32\ADVAPI32.dll
0x00007ffd98190000 - 0x00007ffd98237000 	C:\Windows\System32\sechost.dll
0x00007ffd95ef0000 - 0x00007ffd95f18000 	C:\Windows\System32\bcrypt.dll
0x00007ffd98240000 - 0x00007ffd98354000 	C:\Windows\System32\RPCRT4.dll
0x00007ffd967c0000 - 0x00007ffd96831000 	C:\Windows\System32\WS2_32.dll
0x00007ffd90670000 - 0x00007ffd9067a000 	C:\Windows\SYSTEM32\VERSION.dll
0x00007ffd94b00000 - 0x00007ffd94b4d000 	C:\Windows\SYSTEM32\POWRPROF.dll
0x00007ffd8e780000 - 0x00007ffd8e7b4000 	C:\Windows\SYSTEM32\WINMM.dll
0x00007ffd94ac0000 - 0x00007ffd94ad3000 	C:\Windows\SYSTEM32\UMPDC.dll
0x00007ffd94d70000 - 0x00007ffd94d88000 	C:\Windows\SYSTEM32\kernel.appcore.dll
0x00007ffd8c470000 - 0x00007ffd8c47a000 	C:\Program Files\Android\Android Studio\jbr\bin\jimage.dll
0x00007ffd935e0000 - 0x00007ffd93812000 	C:\Windows\SYSTEM32\DBGHELP.DLL
0x00007ffd96dc0000 - 0x00007ffd97150000 	C:\Windows\System32\combase.dll
0x00007ffd96bb0000 - 0x00007ffd96c87000 	C:\Windows\System32\OLEAUT32.dll
0x00007ffd7c2b0000 - 0x00007ffd7c2e2000 	C:\Windows\SYSTEM32\dbgcore.DLL
0x00007ffd95e70000 - 0x00007ffd95eeb000 	C:\Windows\System32\bcryptPrimitives.dll
0x00007ffd7b260000 - 0x00007ffd7b280000 	C:\Program Files\Android\Android Studio\jbr\bin\java.dll
0x00007ffd79490000 - 0x00007ffd794a8000 	C:\Program Files\Android\Android Studio\jbr\bin\zip.dll
0x00007ffd97160000 - 0x00007ffd979e8000 	C:\Windows\System32\SHELL32.dll
0x00007ffd96300000 - 0x00007ffd9643f000 	C:\Windows\System32\wintypes.dll
0x00007ffd93ba0000 - 0x00007ffd944ac000 	C:\Windows\SYSTEM32\windows.storage.dll
0x00007ffd97c30000 - 0x00007ffd97d3a000 	C:\Windows\System32\SHCORE.dll
0x00007ffd97b00000 - 0x00007ffd97b5e000 	C:\Windows\System32\shlwapi.dll
0x00007ffd95b60000 - 0x00007ffd95b8b000 	C:\Windows\SYSTEM32\profapi.dll
0x00007ffd8ab70000 - 0x00007ffd8ab80000 	C:\Program Files\Android\Android Studio\jbr\bin\net.dll
0x00007ffd8f8d0000 - 0x00007ffd8f9fc000 	C:\Windows\SYSTEM32\WINHTTP.dll
0x00007ffd951e0000 - 0x00007ffd9524a000 	C:\Windows\system32\mswsock.dll
0x00007ffd78190000 - 0x00007ffd781a6000 	C:\Program Files\Android\Android Studio\jbr\bin\nio.dll
0x00007ffd95430000 - 0x00007ffd9544b000 	C:\Windows\SYSTEM32\CRYPTSP.dll
0x00007ffd94cd0000 - 0x00007ffd94d07000 	C:\Windows\system32\rsaenh.dll
0x00007ffd952d0000 - 0x00007ffd952f8000 	C:\Windows\SYSTEM32\USERENV.dll
0x00007ffd95450000 - 0x00007ffd9545c000 	C:\Windows\SYSTEM32\CRYPTBASE.dll
0x00007ffd94780000 - 0x00007ffd947ad000 	C:\Windows\SYSTEM32\IPHLPAPI.DLL
0x00007ffd97b90000 - 0x00007ffd97b99000 	C:\Windows\System32\NSI.dll
0x00007ffd86eb0000 - 0x00007ffd86eb8000 	C:\Windows\system32\wshunix.dll
0x00007ffd7b500000 - 0x00007ffd7b509000 	C:\Program Files\Android\Android Studio\jbr\bin\extnet.dll

dbghelp: loaded successfully - version: 4.0.5 - missing functions: none
symbol engine: initialized successfully - sym options: 0x614 - pdb path: .;C:\Program Files\Android\Android Studio\jbr\bin;C:\Windows\SYSTEM32;C:\Windows\WinSxS\amd64_microsoft.windows.common-controls_6595b64144ccf1df_6.0.22621.4830_none_270fe7d773858e80;C:\Program Files\Android\Android Studio\jbr\bin\server

VM Arguments:
java_command: git4idea.http.GitAskPassApp Username for 'https://github.com': 
java_class_path (initial): C:/Program Files/Android/Android Studio/plugins/vcs-git/lib/git4idea-rt.jar;C:/Program Files/Android/Android Studio/lib/externalProcess-rt.jar
Launcher Type: SUN_STANDARD

[Global flags]
     intx CICompilerCount                          = 4                                         {product} {ergonomic}
     uint ConcGCThreads                            = 3                                         {product} {ergonomic}
     uint G1ConcRefinementThreads                  = 10                                        {product} {ergonomic}
   size_t G1HeapRegionSize                         = 1048576                                   {product} {ergonomic}
    uintx GCDrainStackTargetSize                   = 64                                        {product} {ergonomic}
   size_t InitialHeapSize                          = 130023424                                 {product} {ergonomic}
   size_t MarkStackSize                            = 4194304                                   {product} {ergonomic}
   size_t MaxHeapSize                              = 2076180480                                {product} {ergonomic}
   size_t MaxNewSize                               = 1245708288                                {product} {ergonomic}
   size_t MinHeapDeltaBytes                        = 1048576                                   {product} {ergonomic}
   size_t MinHeapSize                              = 8388608                                   {product} {ergonomic}
    uintx NonNMethodCodeHeapSize                   = 5839372                                {pd product} {ergonomic}
    uintx NonProfiledCodeHeapSize                  = 122909434                              {pd product} {ergonomic}
    uintx ProfiledCodeHeapSize                     = 122909434                              {pd product} {ergonomic}
    uintx ReservedCodeCacheSize                    = 251658240                              {pd product} {ergonomic}
     bool SegmentedCodeCache                       = true                                      {product} {ergonomic}
   size_t SoftMaxHeapSize                          = 2076180480                             {manageable} {ergonomic}
     bool UseCompressedOops                        = true                           {product lp64_product} {ergonomic}
     bool UseG1GC                                  = true                                      {product} {ergonomic}
     bool UseLargePagesIndividualAllocation        = false                                  {pd product} {ergonomic}

Logging:
Log output configuration:
 #0: stdout all=warning uptime,level,tags foldmultilines=false
 #1: stderr all=off uptime,level,tags foldmultilines=false

Environment Variables:
PATH=C:/Program Files/Git/mingw64/libexec/git-core;C:/Program Files/Git/mingw64/libexec/git-core;C:\Program Files\Git\mingw64\bin;C:\Program Files\Git\usr\bin;C:\Users\vaihh\bin;C:\Program Files\Common Files\Oracle\Java\javapath;C:\Windows\system32;C:\Windows;C:\Windows\System32\Wbem;C:\Windows\System32\WindowsPowerShell\v1.0\;C:\Windows\System32\OpenSSH\;C:\Program Files (x86)\NVIDIA Corporation\PhysX\Common;C:\Program Files\Microsoft SQL Server\Client SDK\ODBC\170\Tools\Binn\;C:\Program Files\Microsoft SQL Server\150\Tools\Binn\;C:\Program Files\dotnet\;C:\Program Files\Java\jdk-22\bin;C:\Program Files\nodejs\;C:\ProgramData\chocolatey\bin;C:\Program Files\NVIDIA Corporation\NVIDIA app\NvDLISR;C:\Program Files\Git\cmd;C:\Users\vaihh\AppData\Local\Microsoft\WindowsApps;C:\Users\vaihh\AppData\Local\Programs\Microsoft VS Code\bin;C:\msys64\mingw64\bin;C:\Users\vaihh\.dotnet\tools;C:\Users\vaihh\AppData\Roaming\npm
USERNAME=vaihh
DISPLAY=:0.0
LC_ALL=en_US.UTF-8
TERM=xterm-256color
TMPDIR=C:\Users\vaihh\AppData\Local\Temp
OS=Windows_NT
PROCESSOR_IDENTIFIER=Intel64 Family 6 Model 141 Stepping 1, GenuineIntel
TMP=C:\Users\vaihh\AppData\Local\Temp
TEMP=C:\Users\vaihh\AppData\Local\Temp




Periodic native trim disabled

JNI global refs:
JNI global refs: 20, weak refs: 0

JNI global refs memory usage: 835, weak refs: 833

Process memory usage:
Resident Set Size: 83976K (1% of 8104524K total physical memory with 298076K free physical memory)

OOME stack traces (most recent first):
Classloader memory used:
Loader bootstrap                                                                       : 15283K
Loader jdk.internal.loader.ClassLoaders$PlatformClassLoader                            : 1890K
Loader jdk.internal.loader.ClassLoaders$AppClassLoader                                 : 20416B

---------------  S Y S T E M  ---------------

OS:
 Windows 11 , 64 bit Build 22621 (10.0.22621.4974)
OS uptime: 0 days 10:22 hours

CPU: total 12 (initial active 12) (6 cores per cpu, 2 threads per core) family 6 model 141 stepping 1 microcode 0x50, cx8, cmov, fxsr, ht, mmx, 3dnowpref, sse, sse2, sse3, ssse3, sse4.1, sse4.2, popcnt, lzcnt, tsc, tscinvbit, avx, avx2, aes, erms, clmul, bmi1, bmi2, adx, avx512f, avx512dq, avx512cd, avx512bw, avx512vl, sha, fma, vzeroupper, avx512_vpopcntdq, avx512_vpclmulqdq, avx512_vaes, avx512_vnni, clflush, clflushopt, clwb, avx512_vbmi2, avx512_vbmi, rdtscp, rdpid, fsrm, gfni, avx512_bitalg, f16c, pku, cet_ibt, cet_ss, avx512_ifma
Processor Information for processor 0
  Max Mhz: 2611, Current Mhz: 2611, Mhz Limit: 2611
Processor Information for processor 1
  Max Mhz: 2611, Current Mhz: 2611, Mhz Limit: 2611
Processor Information for processor 2
  Max Mhz: 2611, Current Mhz: 2611, Mhz Limit: 2611
Processor Information for processor 3
  Max Mhz: 2611, Current Mhz: 2611, Mhz Limit: 2611
Processor Information for processor 4
  Max Mhz: 2611, Current Mhz: 2611, Mhz Limit: 2611
Processor Information for processor 5
  Max Mhz: 2611, Current Mhz: 1506, Mhz Limit: 2611
Processor Information for processor 6
  Max Mhz: 2611, Current Mhz: 2611, Mhz Limit: 2611
Processor Information for processor 7
  Max Mhz: 2611, Current Mhz: 2611, Mhz Limit: 2611
Processor Information for processor 8
  Max Mhz: 2611, Current Mhz: 1506, Mhz Limit: 2611
Processor Information for processor 9
  Max Mhz: 2611, Current Mhz: 1506, Mhz Limit: 2611
Processor Information for processor 10
  Max Mhz: 2611, Current Mhz: 2611, Mhz Limit: 2611
Processor Information for processor 11
  Max Mhz: 2611, Current Mhz: 1506, Mhz Limit: 2611

Memory: 4k page, system-wide physical 7914M (290M free)
TotalPageFile size 32490M (AvailPageFile size 6M)
current process WorkingSet (physical memory assigned to process): 82M, peak: 82M
current process commit charge ("private bytes"): 232M, peak: 234M

vm_info: OpenJDK 64-Bit Server VM (21.0.4+-12508038-b607.1) for windows-amd64 JRE (21.0.4+-12508038-b607.1), built on 2024-10-16T17:23:34Z by "builder" with MS VC++ 16.10 / 16.11 (VS2019)

END.
